[30-Oct-2018 06:38:34 UTC] PHP Parse error:  syntax error, unexpected 'if' (T_IF) in /home/ubuntu/workspace/CST336/777/index.php on line 9
[30-Oct-2018 06:44:20 UTC] PHP Parse error:  syntax error, unexpected '$randomValue2' (T_VARIABLE) in /home/ubuntu/workspace/CST336/777/index.php on line 10
[31-Oct-2018 05:56:14 UTC] PHP Warning:  Missing argument 3 for displayPoints(), called in /home/ubuntu/workspace/CST336/Dice/inc/functions.php on line 86 and defined in /home/ubuntu/workspace/CST336/Dice/inc/functions.php on line 22
[31-Oct-2018 05:56:14 UTC] PHP Stack trace:
[31-Oct-2018 05:56:14 UTC] PHP   1. {main}() /home/ubuntu/workspace/CST336/Dice/index.php:0
[31-Oct-2018 05:56:14 UTC] PHP   2. play() /home/ubuntu/workspace/CST336/Dice/index.php:14
[31-Oct-2018 05:56:14 UTC] PHP   3. displayPoints() /home/ubuntu/workspace/CST336/Dice/inc/functions.php:86
[31-Oct-2018 05:56:14 UTC] PHP Warning:  Missing argument 4 for displayPoints(), called in /home/ubuntu/workspace/CST336/Dice/inc/functions.php on line 86 and defined in /home/ubuntu/workspace/CST336/Dice/inc/functions.php on line 22
[31-Oct-2018 05:56:14 UTC] PHP Stack trace:
[31-Oct-2018 05:56:14 UTC] PHP   1. {main}() /home/ubuntu/workspace/CST336/Dice/index.php:0
[31-Oct-2018 05:56:14 UTC] PHP   2. play() /home/ubuntu/workspace/CST336/Dice/index.php:14
[31-Oct-2018 05:56:14 UTC] PHP   3. displayPoints() /home/ubuntu/workspace/CST336/Dice/inc/functions.php:86
[31-Oct-2018 05:56:16 UTC] PHP Warning:  Missing argument 3 for displayPoints(), called in /home/ubuntu/workspace/CST336/Dice/inc/functions.php on line 86 and defined in /home/ubuntu/workspace/CST336/Dice/inc/functions.php on line 22
[31-Oct-2018 05:56:16 UTC] PHP Stack trace:
[31-Oct-2018 05:56:16 UTC] PHP   1. {main}() /home/ubuntu/workspace/CST336/Dice/index.php:0
[31-Oct-2018 05:56:16 UTC] PHP   2. play() /home/ubuntu/workspace/CST336/Dice/index.php:14
[31-Oct-2018 05:56:16 UTC] PHP   3. displayPoints() /home/ubuntu/workspace/CST336/Dice/inc/functions.php:86
[31-Oct-2018 05:56:16 UTC] PHP Warning:  Missing argument 4 for displayPoints(), called in /home/ubuntu/workspace/CST336/Dice/inc/functions.php on line 86 and defined in /home/ubuntu/workspace/CST336/Dice/inc/functions.php on line 22
[31-Oct-2018 05:56:16 UTC] PHP Stack trace:
[31-Oct-2018 05:56:16 UTC] PHP   1. {main}() /home/ubuntu/workspace/CST336/Dice/index.php:0
[31-Oct-2018 05:56:16 UTC] PHP   2. play() /home/ubuntu/workspace/CST336/Dice/index.php:14
[31-Oct-2018 05:56:16 UTC] PHP   3. displayPoints() /home/ubuntu/workspace/CST336/Dice/inc/functions.php:86
[31-Oct-2018 05:56:17 UTC] PHP Warning:  Missing argument 3 for displayPoints(), called in /home/ubuntu/workspace/CST336/Dice/inc/functions.php on line 86 and defined in /home/ubuntu/workspace/CST336/Dice/inc/functions.php on line 22
[31-Oct-2018 05:56:17 UTC] PHP Stack trace:
[31-Oct-2018 05:56:17 UTC] PHP   1. {main}() /home/ubuntu/workspace/CST336/Dice/index.php:0
[31-Oct-2018 05:56:17 UTC] PHP   2. play() /home/ubuntu/workspace/CST336/Dice/index.php:14
[31-Oct-2018 05:56:17 UTC] PHP   3. displayPoints() /home/ubuntu/workspace/CST336/Dice/inc/functions.php:86
[31-Oct-2018 05:56:17 UTC] PHP Warning:  Missing argument 4 for displayPoints(), called in /home/ubuntu/workspace/CST336/Dice/inc/functions.php on line 86 and defined in /home/ubuntu/workspace/CST336/Dice/inc/functions.php on line 22
[31-Oct-2018 05:56:17 UTC] PHP Stack trace:
[31-Oct-2018 05:56:17 UTC] PHP   1. {main}() /home/ubuntu/workspace/CST336/Dice/index.php:0
[31-Oct-2018 05:56:17 UTC] PHP   2. play() /home/ubuntu/workspace/CST336/Dice/index.php:14
[31-Oct-2018 05:56:17 UTC] PHP   3. displayPoints() /home/ubuntu/workspace/CST336/Dice/inc/functions.php:86
[02-Nov-2018 04:58:00 UTC] PHP Parse error:  syntax error, unexpected 'for' (T_FOR), expecting ',' or ';' in /home/ubuntu/workspace/CST336/Dice/inc/functions.php on line 53
[02-Nov-2018 04:58:00 UTC] PHP Stack trace:
[02-Nov-2018 04:58:00 UTC] PHP   1. {main}() /home/ubuntu/workspace/CST336/Dice/index.php:0
[03-Nov-2018 18:25:55 UTC] PHP Warning:  array_push() expects parameter 1 to be array, string given in /home/ubuntu/workspace/CST336/Dice/inc/functions.php on line 45
[03-Nov-2018 18:25:55 UTC] PHP Stack trace:
[03-Nov-2018 18:25:55 UTC] PHP   1. {main}() /home/ubuntu/workspace/CST336/Dice/index.php:0
[03-Nov-2018 18:25:55 UTC] PHP   2. play() /home/ubuntu/workspace/CST336/Dice/index.php:35
[03-Nov-2018 18:25:55 UTC] PHP   3. array_push() /home/ubuntu/workspace/CST336/Dice/inc/functions.php:45
[03-Nov-2018 18:26:47 UTC] PHP Warning:  array_push() expects parameter 1 to be array, string given in /home/ubuntu/workspace/CST336/Dice/inc/functions.php on line 45
[03-Nov-2018 18:26:47 UTC] PHP Stack trace:
[03-Nov-2018 18:26:47 UTC] PHP   1. {main}() /home/ubuntu/workspace/CST336/Dice/index.php:0
[03-Nov-2018 18:26:47 UTC] PHP   2. play() /home/ubuntu/workspace/CST336/Dice/index.php:35
[03-Nov-2018 18:26:47 UTC] PHP   3. array_push() /home/ubuntu/workspace/CST336/Dice/inc/functions.php:45
[03-Nov-2018 18:27:42 UTC] PHP Warning:  array_push() expects parameter 1 to be array, string given in /home/ubuntu/workspace/CST336/Dice/inc/functions.php on line 45
[03-Nov-2018 18:27:42 UTC] PHP Stack trace:
[03-Nov-2018 18:27:42 UTC] PHP   1. {main}() /home/ubuntu/workspace/CST336/Dice/index.php:0
[03-Nov-2018 18:27:42 UTC] PHP   2. play() /home/ubuntu/workspace/CST336/Dice/index.php:35
[03-Nov-2018 18:27:42 UTC] PHP   3. array_push() /home/ubuntu/workspace/CST336/Dice/inc/functions.php:45
[03-Nov-2018 18:33:00 UTC] PHP Warning:  array_push() expects parameter 1 to be array, string given in /home/ubuntu/workspace/CST336/Dice/index.php on line 36
[03-Nov-2018 18:33:00 UTC] PHP Stack trace:
[03-Nov-2018 18:33:00 UTC] PHP   1. {main}() /home/ubuntu/workspace/CST336/Dice/index.php:0
[03-Nov-2018 18:33:00 UTC] PHP   2. array_push() /home/ubuntu/workspace/CST336/Dice/index.php:36
[03-Nov-2018 18:33:04 UTC] PHP Warning:  array_push() expects parameter 1 to be array, string given in /home/ubuntu/workspace/CST336/Dice/index.php on line 36
[03-Nov-2018 18:33:04 UTC] PHP Stack trace:
[03-Nov-2018 18:33:04 UTC] PHP   1. {main}() /home/ubuntu/workspace/CST336/Dice/index.php:0
[03-Nov-2018 18:33:04 UTC] PHP   2. array_push() /home/ubuntu/workspace/CST336/Dice/index.php:36
[03-Nov-2018 18:33:06 UTC] PHP Warning:  array_push() expects parameter 1 to be array, string given in /home/ubuntu/workspace/CST336/Dice/index.php on line 36
[03-Nov-2018 18:33:06 UTC] PHP Stack trace:
[03-Nov-2018 18:33:06 UTC] PHP   1. {main}() /home/ubuntu/workspace/CST336/Dice/index.php:0
[03-Nov-2018 18:33:06 UTC] PHP   2. array_push() /home/ubuntu/workspace/CST336/Dice/index.php:36
[03-Nov-2018 18:34:12 UTC] PHP Warning:  array_push() expects parameter 1 to be array, null given in /home/ubuntu/workspace/CST336/Dice/index.php on line 38
[03-Nov-2018 18:34:12 UTC] PHP Stack trace:
[03-Nov-2018 18:34:12 UTC] PHP   1. {main}() /home/ubuntu/workspace/CST336/Dice/index.php:0
[03-Nov-2018 18:34:12 UTC] PHP   2. array_push() /home/ubuntu/workspace/CST336/Dice/index.php:38
[03-Nov-2018 18:38:34 UTC] PHP Warning:  array_push() expects parameter 1 to be array, null given in /home/ubuntu/workspace/CST336/Dice/index.php on line 38
[03-Nov-2018 18:38:34 UTC] PHP Stack trace:
[03-Nov-2018 18:38:34 UTC] PHP   1. {main}() /home/ubuntu/workspace/CST336/Dice/index.php:0
[03-Nov-2018 18:38:34 UTC] PHP   2. array_push() /home/ubuntu/workspace/CST336/Dice/index.php:38
[03-Nov-2018 18:52:41 UTC] PHP Parse error:  syntax error, unexpected '}' in /home/ubuntu/workspace/CST336/Dice/inc/functions.php on line 85
[03-Nov-2018 18:52:41 UTC] PHP Stack trace:
[03-Nov-2018 18:52:41 UTC] PHP   1. {main}() /home/ubuntu/workspace/CST336/Dice/index.php:0
[03-Nov-2018 19:02:57 UTC] PHP Warning:  array_sum() expects parameter 1 to be array, string given in /home/ubuntu/workspace/CST336/Dice/index.php on line 40
[03-Nov-2018 19:02:57 UTC] PHP Stack trace:
[03-Nov-2018 19:02:57 UTC] PHP   1. {main}() /home/ubuntu/workspace/CST336/Dice/index.php:0
[03-Nov-2018 19:02:57 UTC] PHP   2. array_sum() /home/ubuntu/workspace/CST336/Dice/index.php:40
[03-Nov-2018 19:03:35 UTC] PHP Warning:  array_sum() expects parameter 1 to be array, string given in /home/ubuntu/workspace/CST336/Dice/index.php on line 40
[03-Nov-2018 19:03:35 UTC] PHP Stack trace:
[03-Nov-2018 19:03:35 UTC] PHP   1. {main}() /home/ubuntu/workspace/CST336/Dice/index.php:0
[03-Nov-2018 19:03:35 UTC] PHP   2. array_sum() /home/ubuntu/workspace/CST336/Dice/index.php:40
[03-Nov-2018 19:03:38 UTC] PHP Warning:  array_sum() expects parameter 1 to be array, string given in /home/ubuntu/workspace/CST336/Dice/index.php on line 40
[03-Nov-2018 19:03:38 UTC] PHP Stack trace:
[03-Nov-2018 19:03:38 UTC] PHP   1. {main}() /home/ubuntu/workspace/CST336/Dice/index.php:0
[03-Nov-2018 19:03:38 UTC] PHP   2. array_sum() /home/ubuntu/workspace/CST336/Dice/index.php:40
[03-Nov-2018 19:05:52 UTC] PHP Warning:  array_sum() expects parameter 1 to be array, string given in /home/ubuntu/workspace/CST336/Dice/index.php on line 40
[03-Nov-2018 19:05:52 UTC] PHP Stack trace:
[03-Nov-2018 19:05:52 UTC] PHP   1. {main}() /home/ubuntu/workspace/CST336/Dice/index.php:0
[03-Nov-2018 19:05:52 UTC] PHP   2. array_sum() /home/ubuntu/workspace/CST336/Dice/index.php:40
[03-Nov-2018 19:05:55 UTC] PHP Warning:  array_sum() expects parameter 1 to be array, string given in /home/ubuntu/workspace/CST336/Dice/index.php on line 40
[03-Nov-2018 19:05:55 UTC] PHP Stack trace:
[03-Nov-2018 19:05:55 UTC] PHP   1. {main}() /home/ubuntu/workspace/CST336/Dice/index.php:0
[03-Nov-2018 19:05:55 UTC] PHP   2. array_sum() /home/ubuntu/workspace/CST336/Dice/index.php:40
[03-Nov-2018 19:05:56 UTC] PHP Warning:  array_sum() expects parameter 1 to be array, string given in /home/ubuntu/workspace/CST336/Dice/index.php on line 40
[03-Nov-2018 19:05:56 UTC] PHP Stack trace:
[03-Nov-2018 19:05:56 UTC] PHP   1. {main}() /home/ubuntu/workspace/CST336/Dice/index.php:0
[03-Nov-2018 19:05:56 UTC] PHP   2. array_sum() /home/ubuntu/workspace/CST336/Dice/index.php:40
[03-Nov-2018 19:05:56 UTC] PHP Warning:  array_sum() expects parameter 1 to be array, string given in /home/ubuntu/workspace/CST336/Dice/index.php on line 40
[03-Nov-2018 19:05:56 UTC] PHP Stack trace:
[03-Nov-2018 19:05:56 UTC] PHP   1. {main}() /home/ubuntu/workspace/CST336/Dice/index.php:0
[03-Nov-2018 19:05:56 UTC] PHP   2. array_sum() /home/ubuntu/workspace/CST336/Dice/index.php:40
[03-Nov-2018 19:05:57 UTC] PHP Warning:  array_sum() expects parameter 1 to be array, string given in /home/ubuntu/workspace/CST336/Dice/index.php on line 40
[03-Nov-2018 19:05:57 UTC] PHP Stack trace:
[03-Nov-2018 19:05:57 UTC] PHP   1. {main}() /home/ubuntu/workspace/CST336/Dice/index.php:0
[03-Nov-2018 19:05:57 UTC] PHP   2. array_sum() /home/ubuntu/workspace/CST336/Dice/index.php:40
[03-Nov-2018 19:05:58 UTC] PHP Warning:  array_sum() expects parameter 1 to be array, string given in /home/ubuntu/workspace/CST336/Dice/index.php on line 40
[03-Nov-2018 19:05:58 UTC] PHP Stack trace:
[03-Nov-2018 19:05:58 UTC] PHP   1. {main}() /home/ubuntu/workspace/CST336/Dice/index.php:0
[03-Nov-2018 19:05:58 UTC] PHP   2. array_sum() /home/ubuntu/workspace/CST336/Dice/index.php:40
[03-Nov-2018 19:05:58 UTC] PHP Warning:  array_sum() expects parameter 1 to be array, string given in /home/ubuntu/workspace/CST336/Dice/index.php on line 40
[03-Nov-2018 19:05:58 UTC] PHP Stack trace:
[03-Nov-2018 19:05:58 UTC] PHP   1. {main}() /home/ubuntu/workspace/CST336/Dice/index.php:0
[03-Nov-2018 19:05:58 UTC] PHP   2. array_sum() /home/ubuntu/workspace/CST336/Dice/index.php:40
[03-Nov-2018 19:07:06 UTC] PHP Warning:  rsort() expects parameter 1 to be array, string given in /home/ubuntu/workspace/CST336/Dice/index.php on line 40
[03-Nov-2018 19:07:06 UTC] PHP Stack trace:
[03-Nov-2018 19:07:06 UTC] PHP   1. {main}() /home/ubuntu/workspace/CST336/Dice/index.php:0
[03-Nov-2018 19:07:06 UTC] PHP   2. rsort() /home/ubuntu/workspace/CST336/Dice/index.php:40
[03-Nov-2018 19:08:51 UTC] PHP Warning:  array_sum() expects parameter 1 to be array, string given in /home/ubuntu/workspace/CST336/Dice/index.php on line 66
[03-Nov-2018 19:08:51 UTC] PHP Stack trace:
[03-Nov-2018 19:08:51 UTC] PHP   1. {main}() /home/ubuntu/workspace/CST336/Dice/index.php:0
[03-Nov-2018 19:08:51 UTC] PHP   2. array_sum() /home/ubuntu/workspace/CST336/Dice/index.php:66
[03-Nov-2018 19:08:54 UTC] PHP Warning:  array_sum() expects parameter 1 to be array, string given in /home/ubuntu/workspace/CST336/Dice/index.php on line 66
[03-Nov-2018 19:08:54 UTC] PHP Stack trace:
[03-Nov-2018 19:08:54 UTC] PHP   1. {main}() /home/ubuntu/workspace/CST336/Dice/index.php:0
[03-Nov-2018 19:08:54 UTC] PHP   2. array_sum() /home/ubuntu/workspace/CST336/Dice/index.php:66
[03-Nov-2018 19:13:49 UTC] PHP Warning:  array_sum() expects parameter 1 to be array, string given in /home/ubuntu/workspace/CST336/Dice/index.php on line 66
[03-Nov-2018 19:13:49 UTC] PHP Stack trace:
[03-Nov-2018 19:13:49 UTC] PHP   1. {main}() /home/ubuntu/workspace/CST336/Dice/index.php:0
[03-Nov-2018 19:13:49 UTC] PHP   2. array_sum() /home/ubuntu/workspace/CST336/Dice/index.php:66
[03-Nov-2018 19:13:50 UTC] PHP Warning:  array_sum() expects parameter 1 to be array, string given in /home/ubuntu/workspace/CST336/Dice/index.php on line 66
[03-Nov-2018 19:13:50 UTC] PHP Stack trace:
[03-Nov-2018 19:13:50 UTC] PHP   1. {main}() /home/ubuntu/workspace/CST336/Dice/index.php:0
[03-Nov-2018 19:13:50 UTC] PHP   2. array_sum() /home/ubuntu/workspace/CST336/Dice/index.php:66
[03-Nov-2018 19:13:52 UTC] PHP Warning:  array_sum() expects parameter 1 to be array, string given in /home/ubuntu/workspace/CST336/Dice/index.php on line 66
[03-Nov-2018 19:13:52 UTC] PHP Stack trace:
[03-Nov-2018 19:13:52 UTC] PHP   1. {main}() /home/ubuntu/workspace/CST336/Dice/index.php:0
[03-Nov-2018 19:13:52 UTC] PHP   2. array_sum() /home/ubuntu/workspace/CST336/Dice/index.php:66
[03-Nov-2018 19:13:53 UTC] PHP Warning:  array_sum() expects parameter 1 to be array, string given in /home/ubuntu/workspace/CST336/Dice/index.php on line 66
[03-Nov-2018 19:13:53 UTC] PHP Stack trace:
[03-Nov-2018 19:13:53 UTC] PHP   1. {main}() /home/ubuntu/workspace/CST336/Dice/index.php:0
[03-Nov-2018 19:13:53 UTC] PHP   2. array_sum() /home/ubuntu/workspace/CST336/Dice/index.php:66
[03-Nov-2018 19:13:54 UTC] PHP Warning:  array_sum() expects parameter 1 to be array, string given in /home/ubuntu/workspace/CST336/Dice/index.php on line 66
[03-Nov-2018 19:13:54 UTC] PHP Stack trace:
[03-Nov-2018 19:13:54 UTC] PHP   1. {main}() /home/ubuntu/workspace/CST336/Dice/index.php:0
[03-Nov-2018 19:13:54 UTC] PHP   2. array_sum() /home/ubuntu/workspace/CST336/Dice/index.php:66
[03-Nov-2018 19:13:55 UTC] PHP Warning:  array_sum() expects parameter 1 to be array, string given in /home/ubuntu/workspace/CST336/Dice/index.php on line 66
[03-Nov-2018 19:13:55 UTC] PHP Stack trace:
[03-Nov-2018 19:13:55 UTC] PHP   1. {main}() /home/ubuntu/workspace/CST336/Dice/index.php:0
[03-Nov-2018 19:13:55 UTC] PHP   2. array_sum() /home/ubuntu/workspace/CST336/Dice/index.php:66
[03-Nov-2018 19:13:57 UTC] PHP Warning:  array_sum() expects parameter 1 to be array, string given in /home/ubuntu/workspace/CST336/Dice/index.php on line 66
[03-Nov-2018 19:13:57 UTC] PHP Stack trace:
[03-Nov-2018 19:13:57 UTC] PHP   1. {main}() /home/ubuntu/workspace/CST336/Dice/index.php:0
[03-Nov-2018 19:13:57 UTC] PHP   2. array_sum() /home/ubuntu/workspace/CST336/Dice/index.php:66
[03-Nov-2018 19:13:58 UTC] PHP Warning:  array_sum() expects parameter 1 to be array, string given in /home/ubuntu/workspace/CST336/Dice/index.php on line 66
[03-Nov-2018 19:13:58 UTC] PHP Stack trace:
[03-Nov-2018 19:13:58 UTC] PHP   1. {main}() /home/ubuntu/workspace/CST336/Dice/index.php:0
[03-Nov-2018 19:13:58 UTC] PHP   2. array_sum() /home/ubuntu/workspace/CST336/Dice/index.php:66
[03-Nov-2018 19:13:59 UTC] PHP Warning:  array_sum() expects parameter 1 to be array, string given in /home/ubuntu/workspace/CST336/Dice/index.php on line 66
[03-Nov-2018 19:13:59 UTC] PHP Stack trace:
[03-Nov-2018 19:13:59 UTC] PHP   1. {main}() /home/ubuntu/workspace/CST336/Dice/index.php:0
[03-Nov-2018 19:13:59 UTC] PHP   2. array_sum() /home/ubuntu/workspace/CST336/Dice/index.php:66
[03-Nov-2018 19:14:00 UTC] PHP Warning:  array_sum() expects parameter 1 to be array, string given in /home/ubuntu/workspace/CST336/Dice/index.php on line 66
[03-Nov-2018 19:14:00 UTC] PHP Stack trace:
[03-Nov-2018 19:14:00 UTC] PHP   1. {main}() /home/ubuntu/workspace/CST336/Dice/index.php:0
[03-Nov-2018 19:14:00 UTC] PHP   2. array_sum() /home/ubuntu/workspace/CST336/Dice/index.php:66
[03-Nov-2018 19:14:01 UTC] PHP Warning:  array_sum() expects parameter 1 to be array, string given in /home/ubuntu/workspace/CST336/Dice/index.php on line 66
[03-Nov-2018 19:14:01 UTC] PHP Stack trace:
[03-Nov-2018 19:14:01 UTC] PHP   1. {main}() /home/ubuntu/workspace/CST336/Dice/index.php:0
[03-Nov-2018 19:14:01 UTC] PHP   2. array_sum() /home/ubuntu/workspace/CST336/Dice/index.php:66
[03-Nov-2018 19:14:02 UTC] PHP Warning:  array_sum() expects parameter 1 to be array, string given in /home/ubuntu/workspace/CST336/Dice/index.php on line 66
[03-Nov-2018 19:14:02 UTC] PHP Stack trace:
[03-Nov-2018 19:14:02 UTC] PHP   1. {main}() /home/ubuntu/workspace/CST336/Dice/index.php:0
[03-Nov-2018 19:14:02 UTC] PHP   2. array_sum() /home/ubuntu/workspace/CST336/Dice/index.php:66
[03-Nov-2018 19:29:57 UTC] PHP Warning:  sort() expects parameter 1 to be array, string given in /home/ubuntu/workspace/CST336/Dice/index.php on line 67
[03-Nov-2018 19:29:57 UTC] PHP Stack trace:
[03-Nov-2018 19:29:57 UTC] PHP   1. {main}() /home/ubuntu/workspace/CST336/Dice/index.php:0
[03-Nov-2018 19:29:57 UTC] PHP   2. sort() /home/ubuntu/workspace/CST336/Dice/index.php:67
[03-Nov-2018 19:30:33 UTC] PHP Fatal error:  Only variables can be passed by reference in /home/ubuntu/workspace/CST336/Dice/index.php on line 67
[03-Nov-2018 19:30:58 UTC] PHP Fatal error:  Only variables can be passed by reference in /home/ubuntu/workspace/CST336/Dice/index.php on line 67
[03-Nov-2018 21:11:33 UTC] PHP Parse error:  syntax error, unexpected '$humansum' (T_VARIABLE) in /home/ubuntu/workspace/CST336/Dice/index.php on line 67
[03-Nov-2018 21:25:48 UTC] PHP Warning:  array_sum() expects parameter 1 to be array, string given in /home/ubuntu/workspace/CST336/Dice/index.php on line 72
[03-Nov-2018 21:25:48 UTC] PHP Stack trace:
[03-Nov-2018 21:25:48 UTC] PHP   1. {main}() /home/ubuntu/workspace/CST336/Dice/index.php:0
[03-Nov-2018 21:25:48 UTC] PHP   2. array_sum() /home/ubuntu/workspace/CST336/Dice/index.php:72
[03-Nov-2018 21:26:00 UTC] PHP Warning:  array_sum() expects parameter 1 to be array, string given in /home/ubuntu/workspace/CST336/Dice/index.php on line 72
[03-Nov-2018 21:26:00 UTC] PHP Stack trace:
[03-Nov-2018 21:26:00 UTC] PHP   1. {main}() /home/ubuntu/workspace/CST336/Dice/index.php:0
[03-Nov-2018 21:26:00 UTC] PHP   2. array_sum() /home/ubuntu/workspace/CST336/Dice/index.php:72
[03-Nov-2018 21:26:01 UTC] PHP Warning:  array_sum() expects parameter 1 to be array, string given in /home/ubuntu/workspace/CST336/Dice/index.php on line 72
[03-Nov-2018 21:26:01 UTC] PHP Stack trace:
[03-Nov-2018 21:26:01 UTC] PHP   1. {main}() /home/ubuntu/workspace/CST336/Dice/index.php:0
[03-Nov-2018 21:26:01 UTC] PHP   2. array_sum() /home/ubuntu/workspace/CST336/Dice/index.php:72
[03-Nov-2018 21:26:02 UTC] PHP Warning:  array_sum() expects parameter 1 to be array, string given in /home/ubuntu/workspace/CST336/Dice/index.php on line 72
[03-Nov-2018 21:26:02 UTC] PHP Stack trace:
[03-Nov-2018 21:26:02 UTC] PHP   1. {main}() /home/ubuntu/workspace/CST336/Dice/index.php:0
[03-Nov-2018 21:26:02 UTC] PHP   2. array_sum() /home/ubuntu/workspace/CST336/Dice/index.php:72
[03-Nov-2018 21:26:03 UTC] PHP Warning:  array_sum() expects parameter 1 to be array, string given in /home/ubuntu/workspace/CST336/Dice/index.php on line 72
[03-Nov-2018 21:26:03 UTC] PHP Stack trace:
[03-Nov-2018 21:26:03 UTC] PHP   1. {main}() /home/ubuntu/workspace/CST336/Dice/index.php:0
[03-Nov-2018 21:26:03 UTC] PHP   2. array_sum() /home/ubuntu/workspace/CST336/Dice/index.php:72
[03-Nov-2018 21:26:05 UTC] PHP Warning:  array_sum() expects parameter 1 to be array, string given in /home/ubuntu/workspace/CST336/Dice/index.php on line 72
[03-Nov-2018 21:26:05 UTC] PHP Stack trace:
[03-Nov-2018 21:26:05 UTC] PHP   1. {main}() /home/ubuntu/workspace/CST336/Dice/index.php:0
[03-Nov-2018 21:26:05 UTC] PHP   2. array_sum() /home/ubuntu/workspace/CST336/Dice/index.php:72
[03-Nov-2018 21:26:07 UTC] PHP Warning:  array_sum() expects parameter 1 to be array, string given in /home/ubuntu/workspace/CST336/Dice/index.php on line 72
[03-Nov-2018 21:26:07 UTC] PHP Stack trace:
[03-Nov-2018 21:26:07 UTC] PHP   1. {main}() /home/ubuntu/workspace/CST336/Dice/index.php:0
[03-Nov-2018 21:26:07 UTC] PHP   2. array_sum() /home/ubuntu/workspace/CST336/Dice/index.php:72
[03-Nov-2018 21:26:43 UTC] PHP Parse error:  syntax error, unexpected 'foreach' (T_FOREACH), expecting ',' or ';' in /home/ubuntu/workspace/CST336/Dice/index.php on line 46
[03-Nov-2018 21:26:52 UTC] PHP Warning:  array_sum() expects parameter 1 to be array, string given in /home/ubuntu/workspace/CST336/Dice/index.php on line 73
[03-Nov-2018 21:26:52 UTC] PHP Stack trace:
[03-Nov-2018 21:26:52 UTC] PHP   1. {main}() /home/ubuntu/workspace/CST336/Dice/index.php:0
[03-Nov-2018 21:26:52 UTC] PHP   2. array_sum() /home/ubuntu/workspace/CST336/Dice/index.php:73
[03-Nov-2018 21:26:55 UTC] PHP Warning:  array_sum() expects parameter 1 to be array, string given in /home/ubuntu/workspace/CST336/Dice/index.php on line 73
[03-Nov-2018 21:26:55 UTC] PHP Stack trace:
[03-Nov-2018 21:26:55 UTC] PHP   1. {main}() /home/ubuntu/workspace/CST336/Dice/index.php:0
[03-Nov-2018 21:26:55 UTC] PHP   2. array_sum() /home/ubuntu/workspace/CST336/Dice/index.php:73
[03-Nov-2018 21:26:56 UTC] PHP Warning:  array_sum() expects parameter 1 to be array, string given in /home/ubuntu/workspace/CST336/Dice/index.php on line 73
[03-Nov-2018 21:26:56 UTC] PHP Stack trace:
[03-Nov-2018 21:26:56 UTC] PHP   1. {main}() /home/ubuntu/workspace/CST336/Dice/index.php:0
[03-Nov-2018 21:26:56 UTC] PHP   2. array_sum() /home/ubuntu/workspace/CST336/Dice/index.php:73
[03-Nov-2018 21:26:56 UTC] PHP Warning:  array_sum() expects parameter 1 to be array, string given in /home/ubuntu/workspace/CST336/Dice/index.php on line 73
[03-Nov-2018 21:26:56 UTC] PHP Stack trace:
[03-Nov-2018 21:26:56 UTC] PHP   1. {main}() /home/ubuntu/workspace/CST336/Dice/index.php:0
[03-Nov-2018 21:26:56 UTC] PHP   2. array_sum() /home/ubuntu/workspace/CST336/Dice/index.php:73
[03-Nov-2018 21:26:57 UTC] PHP Warning:  array_sum() expects parameter 1 to be array, string given in /home/ubuntu/workspace/CST336/Dice/index.php on line 73
[03-Nov-2018 21:26:57 UTC] PHP Stack trace:
[03-Nov-2018 21:26:57 UTC] PHP   1. {main}() /home/ubuntu/workspace/CST336/Dice/index.php:0
[03-Nov-2018 21:26:57 UTC] PHP   2. array_sum() /home/ubuntu/workspace/CST336/Dice/index.php:73
[03-Nov-2018 21:28:05 UTC] PHP Warning:  array_sum() expects parameter 1 to be array, string given in /home/ubuntu/workspace/CST336/Dice/index.php on line 73
[03-Nov-2018 21:28:05 UTC] PHP Stack trace:
[03-Nov-2018 21:28:05 UTC] PHP   1. {main}() /home/ubuntu/workspace/CST336/Dice/index.php:0
[03-Nov-2018 21:28:05 UTC] PHP   2. array_sum() /home/ubuntu/workspace/CST336/Dice/index.php:73
[03-Nov-2018 21:28:08 UTC] PHP Warning:  array_sum() expects parameter 1 to be array, string given in /home/ubuntu/workspace/CST336/Dice/index.php on line 73
[03-Nov-2018 21:28:08 UTC] PHP Stack trace:
[03-Nov-2018 21:28:08 UTC] PHP   1. {main}() /home/ubuntu/workspace/CST336/Dice/index.php:0
[03-Nov-2018 21:28:08 UTC] PHP   2. array_sum() /home/ubuntu/workspace/CST336/Dice/index.php:73
[03-Nov-2018 21:28:09 UTC] PHP Warning:  array_sum() expects parameter 1 to be array, string given in /home/ubuntu/workspace/CST336/Dice/index.php on line 73
[03-Nov-2018 21:28:09 UTC] PHP Stack trace:
[03-Nov-2018 21:28:09 UTC] PHP   1. {main}() /home/ubuntu/workspace/CST336/Dice/index.php:0
[03-Nov-2018 21:28:09 UTC] PHP   2. array_sum() /home/ubuntu/workspace/CST336/Dice/index.php:73
[03-Nov-2018 21:28:10 UTC] PHP Warning:  array_sum() expects parameter 1 to be array, string given in /home/ubuntu/workspace/CST336/Dice/index.php on line 73
[03-Nov-2018 21:28:10 UTC] PHP Stack trace:
[03-Nov-2018 21:28:10 UTC] PHP   1. {main}() /home/ubuntu/workspace/CST336/Dice/index.php:0
[03-Nov-2018 21:28:10 UTC] PHP   2. array_sum() /home/ubuntu/workspace/CST336/Dice/index.php:73
[03-Nov-2018 21:28:11 UTC] PHP Warning:  array_sum() expects parameter 1 to be array, string given in /home/ubuntu/workspace/CST336/Dice/index.php on line 73
[03-Nov-2018 21:28:11 UTC] PHP Stack trace:
[03-Nov-2018 21:28:11 UTC] PHP   1. {main}() /home/ubuntu/workspace/CST336/Dice/index.php:0
[03-Nov-2018 21:28:11 UTC] PHP   2. array_sum() /home/ubuntu/workspace/CST336/Dice/index.php:73
[03-Nov-2018 21:28:13 UTC] PHP Warning:  array_sum() expects parameter 1 to be array, string given in /home/ubuntu/workspace/CST336/Dice/index.php on line 73
[03-Nov-2018 21:28:13 UTC] PHP Stack trace:
[03-Nov-2018 21:28:13 UTC] PHP   1. {main}() /home/ubuntu/workspace/CST336/Dice/index.php:0
[03-Nov-2018 21:28:13 UTC] PHP   2. array_sum() /home/ubuntu/workspace/CST336/Dice/index.php:73
[03-Nov-2018 21:28:14 UTC] PHP Warning:  array_sum() expects parameter 1 to be array, string given in /home/ubuntu/workspace/CST336/Dice/index.php on line 73
[03-Nov-2018 21:28:14 UTC] PHP Stack trace:
[03-Nov-2018 21:28:14 UTC] PHP   1. {main}() /home/ubuntu/workspace/CST336/Dice/index.php:0
[03-Nov-2018 21:28:14 UTC] PHP   2. array_sum() /home/ubuntu/workspace/CST336/Dice/index.php:73
[03-Nov-2018 21:28:15 UTC] PHP Warning:  array_sum() expects parameter 1 to be array, string given in /home/ubuntu/workspace/CST336/Dice/index.php on line 73
[03-Nov-2018 21:28:15 UTC] PHP Stack trace:
[03-Nov-2018 21:28:15 UTC] PHP   1. {main}() /home/ubuntu/workspace/CST336/Dice/index.php:0
[03-Nov-2018 21:28:15 UTC] PHP   2. array_sum() /home/ubuntu/workspace/CST336/Dice/index.php:73
[03-Nov-2018 21:28:16 UTC] PHP Warning:  array_sum() expects parameter 1 to be array, string given in /home/ubuntu/workspace/CST336/Dice/index.php on line 73
[03-Nov-2018 21:28:16 UTC] PHP Stack trace:
[03-Nov-2018 21:28:16 UTC] PHP   1. {main}() /home/ubuntu/workspace/CST336/Dice/index.php:0
[03-Nov-2018 21:28:16 UTC] PHP   2. array_sum() /home/ubuntu/workspace/CST336/Dice/index.php:73
[03-Nov-2018 21:28:18 UTC] PHP Warning:  array_sum() expects parameter 1 to be array, string given in /home/ubuntu/workspace/CST336/Dice/index.php on line 73
[03-Nov-2018 21:28:18 UTC] PHP Stack trace:
[03-Nov-2018 21:28:18 UTC] PHP   1. {main}() /home/ubuntu/workspace/CST336/Dice/index.php:0
[03-Nov-2018 21:28:18 UTC] PHP   2. array_sum() /home/ubuntu/workspace/CST336/Dice/index.php:73
[03-Nov-2018 21:28:19 UTC] PHP Warning:  array_sum() expects parameter 1 to be array, string given in /home/ubuntu/workspace/CST336/Dice/index.php on line 73
[03-Nov-2018 21:28:19 UTC] PHP Stack trace:
[03-Nov-2018 21:28:19 UTC] PHP   1. {main}() /home/ubuntu/workspace/CST336/Dice/index.php:0
[03-Nov-2018 21:28:19 UTC] PHP   2. array_sum() /home/ubuntu/workspace/CST336/Dice/index.php:73
[03-Nov-2018 21:28:21 UTC] PHP Warning:  array_sum() expects parameter 1 to be array, string given in /home/ubuntu/workspace/CST336/Dice/index.php on line 73
[03-Nov-2018 21:28:21 UTC] PHP Stack trace:
[03-Nov-2018 21:28:21 UTC] PHP   1. {main}() /home/ubuntu/workspace/CST336/Dice/index.php:0
[03-Nov-2018 21:28:21 UTC] PHP   2. array_sum() /home/ubuntu/workspace/CST336/Dice/index.php:73
[03-Nov-2018 21:28:43 UTC] PHP Warning:  array_sum() expects parameter 1 to be array, string given in /home/ubuntu/workspace/CST336/Dice/index.php on line 73
[03-Nov-2018 21:28:43 UTC] PHP Stack trace:
[03-Nov-2018 21:28:43 UTC] PHP   1. {main}() /home/ubuntu/workspace/CST336/Dice/index.php:0
[03-Nov-2018 21:28:43 UTC] PHP   2. array_sum() /home/ubuntu/workspace/CST336/Dice/index.php:73
[03-Nov-2018 21:28:44 UTC] PHP Warning:  array_sum() expects parameter 1 to be array, string given in /home/ubuntu/workspace/CST336/Dice/index.php on line 73
[03-Nov-2018 21:28:44 UTC] PHP Stack trace:
[03-Nov-2018 21:28:44 UTC] PHP   1. {main}() /home/ubuntu/workspace/CST336/Dice/index.php:0
[03-Nov-2018 21:28:44 UTC] PHP   2. array_sum() /home/ubuntu/workspace/CST336/Dice/index.php:73
[03-Nov-2018 21:28:45 UTC] PHP Warning:  array_sum() expects parameter 1 to be array, string given in /home/ubuntu/workspace/CST336/Dice/index.php on line 73
[03-Nov-2018 21:28:45 UTC] PHP Stack trace:
[03-Nov-2018 21:28:45 UTC] PHP   1. {main}() /home/ubuntu/workspace/CST336/Dice/index.php:0
[03-Nov-2018 21:28:45 UTC] PHP   2. array_sum() /home/ubuntu/workspace/CST336/Dice/index.php:73
[03-Nov-2018 21:28:46 UTC] PHP Warning:  array_sum() expects parameter 1 to be array, string given in /home/ubuntu/workspace/CST336/Dice/index.php on line 73
[03-Nov-2018 21:28:46 UTC] PHP Stack trace:
[03-Nov-2018 21:28:46 UTC] PHP   1. {main}() /home/ubuntu/workspace/CST336/Dice/index.php:0
[03-Nov-2018 21:28:46 UTC] PHP   2. array_sum() /home/ubuntu/workspace/CST336/Dice/index.php:73
[03-Nov-2018 21:28:46 UTC] PHP Warning:  array_sum() expects parameter 1 to be array, string given in /home/ubuntu/workspace/CST336/Dice/index.php on line 73
[03-Nov-2018 21:28:46 UTC] PHP Stack trace:
[03-Nov-2018 21:28:46 UTC] PHP   1. {main}() /home/ubuntu/workspace/CST336/Dice/index.php:0
[03-Nov-2018 21:28:46 UTC] PHP   2. array_sum() /home/ubuntu/workspace/CST336/Dice/index.php:73
[03-Nov-2018 21:28:47 UTC] PHP Warning:  array_sum() expects parameter 1 to be array, string given in /home/ubuntu/workspace/CST336/Dice/index.php on line 73
[03-Nov-2018 21:28:47 UTC] PHP Stack trace:
[03-Nov-2018 21:28:47 UTC] PHP   1. {main}() /home/ubuntu/workspace/CST336/Dice/index.php:0
[03-Nov-2018 21:28:47 UTC] PHP   2. array_sum() /home/ubuntu/workspace/CST336/Dice/index.php:73
[03-Nov-2018 21:28:48 UTC] PHP Warning:  array_sum() expects parameter 1 to be array, string given in /home/ubuntu/workspace/CST336/Dice/index.php on line 73
[03-Nov-2018 21:28:48 UTC] PHP Stack trace:
[03-Nov-2018 21:28:48 UTC] PHP   1. {main}() /home/ubuntu/workspace/CST336/Dice/index.php:0
[03-Nov-2018 21:28:48 UTC] PHP   2. array_sum() /home/ubuntu/workspace/CST336/Dice/index.php:73
[03-Nov-2018 21:28:48 UTC] PHP Warning:  array_sum() expects parameter 1 to be array, string given in /home/ubuntu/workspace/CST336/Dice/index.php on line 73
[03-Nov-2018 21:28:48 UTC] PHP Stack trace:
[03-Nov-2018 21:28:48 UTC] PHP   1. {main}() /home/ubuntu/workspace/CST336/Dice/index.php:0
[03-Nov-2018 21:28:48 UTC] PHP   2. array_sum() /home/ubuntu/workspace/CST336/Dice/index.php:73
[03-Nov-2018 21:36:36 UTC] PHP Parse error:  syntax error, unexpected '$demo' (T_VARIABLE), expecting ',' or ';' in /home/ubuntu/workspace/CST336/Dice/index.php on line 87
[03-Nov-2018 21:37:04 UTC] PHP Parse error:  syntax error, unexpected '$demo' (T_VARIABLE), expecting ',' or ';' in /home/ubuntu/workspace/CST336/Dice/index.php on line 87
[03-Nov-2018 21:43:27 UTC] PHP Parse error:  syntax error, unexpected 'echo' (T_ECHO), expecting ',' or ';' in /home/ubuntu/workspace/CST336/Dice/index.php on line 56
[03-Nov-2018 21:47:35 UTC] PHP Parse error:  syntax error, unexpected '$arrComp' (T_VARIABLE), expecting ',' or ';' in /home/ubuntu/workspace/CST336/Dice/inc/functions.php on line 16
[03-Nov-2018 21:47:35 UTC] PHP Stack trace:
[03-Nov-2018 21:47:35 UTC] PHP   1. {main}() /home/ubuntu/workspace/CST336/Dice/index.php:0
[06-Nov-2018 09:40:49 UTC] PHP Parse error:  syntax error, unexpected '}' in /home/ubuntu/workspace/CST336/Slider/index.php on line 79
[07-Nov-2018 06:21:21 UTC] PHP Fatal error:  Maximum execution time of 300 seconds exceeded in /home/ubuntu/workspace/CST336/Slider/index.php on line 59
[07-Nov-2018 06:21:21 UTC] PHP Stack trace:
[07-Nov-2018 06:21:21 UTC] PHP   1. {main}() /home/ubuntu/workspace/CST336/Slider/index.php:0
[10-Nov-2018 05:26:32 UTC] PHP Parse error:  syntax error, unexpected 'echo' (T_ECHO), expecting ',' or ';' in /home/ubuntu/workspace/CST336/scart/functions.php on line 24
[10-Nov-2018 05:26:33 UTC] PHP Stack trace:
[10-Nov-2018 05:26:33 UTC] PHP   1. {main}() /home/ubuntu/workspace/CST336/scart/index.php:0
[10-Nov-2018 06:50:26 UTC] PHP Parse error:  syntax error, unexpected 'echo' (T_ECHO), expecting ',' or ';' in /home/ubuntu/workspace/CST336/scart/functions.php on line 29
[10-Nov-2018 06:50:26 UTC] PHP Stack trace:
[10-Nov-2018 06:50:26 UTC] PHP   1. {main}() /home/ubuntu/workspace/CST336/scart/index.php:0
[11-Nov-2018 01:09:27 UTC] PHP Fatal error:  Uncaught exception 'PDOException' with message 'SQLSTATE[HY000] [1045] Access denied for user ''@'ec2-35-173-247-111.compute-1.amazonaws.com' (using password: NO)' in /home/ubuntu/workspace/CST336/ottermart/dbConnection.php:7
Stack trace:
#0 /home/ubuntu/workspace/CST336/ottermart/dbConnection.php(7): PDO->__construct('mysql:host=us-c...')
#1 /home/ubuntu/workspace/CST336/ottermart/index.php(4): getDatabaseConnection('heroku_6d407455...')
#2 {main}
  thrown in /home/ubuntu/workspace/CST336/ottermart/dbConnection.php on line 7
[11-Nov-2018 01:11:36 UTC] PHP Fatal error:  Uncaught exception 'PDOException' with message 'SQLSTATE[HY000] [1045] Access denied for user ''@'localhost' (using password: NO)' in /home/ubuntu/workspace/CST336/ottermart/dbConnection.php:11
Stack trace:
#0 /home/ubuntu/workspace/CST336/ottermart/dbConnection.php(11): PDO->__construct('mysql:host=loca...')
#1 /home/ubuntu/workspace/CST336/ottermart/index.php(4): getDatabaseConnection('heroku_6d407455...')
#2 {main}
  thrown in /home/ubuntu/workspace/CST336/ottermart/dbConnection.php on line 11
[11-Nov-2018 02:27:39 UTC] PHP Fatal error:  Uncaught exception 'PDOException' with message 'SQLSTATE[HY000] [1045] Access denied for user ''@'localhost' (using password: NO)' in /home/ubuntu/workspace/CST336/ottermart/dbConnection.php:11
Stack trace:
#0 /home/ubuntu/workspace/CST336/ottermart/dbConnection.php(11): PDO->__construct('mysql:host=loca...')
#1 /home/ubuntu/workspace/CST336/ottermart/index.php(4): getDatabaseConnection('heroku_6d407455...')
#2 {main}
  thrown in /home/ubuntu/workspace/CST336/ottermart/dbConnection.php on line 11
[11-Nov-2018 02:29:32 UTC] PHP Fatal error:  Uncaught exception 'PDOException' with message 'SQLSTATE[HY000] [1045] Access denied for user ''@'ec2-35-173-247-111.compute-1.amazonaws.com' (using password: NO)' in /home/ubuntu/workspace/CST336/ottermart/dbConnection.php:11
Stack trace:
#0 /home/ubuntu/workspace/CST336/ottermart/dbConnection.php(11): PDO->__construct('mysql:host=us-c...')
#1 /home/ubuntu/workspace/CST336/ottermart/index.php(4): getDatabaseConnection('heroku_6d407455...')
#2 {main}
  thrown in /home/ubuntu/workspace/CST336/ottermart/dbConnection.php on line 11
[11-Nov-2018 02:29:57 UTC] PHP Fatal error:  Uncaught exception 'PDOException' with message 'SQLSTATE[HY000] [1045] Access denied for user ''@'localhost' (using password: NO)' in /home/ubuntu/workspace/CST336/ottermart/dbConnection.php:11
Stack trace:
#0 /home/ubuntu/workspace/CST336/ottermart/dbConnection.php(11): PDO->__construct('mysql:host=loca...')
#1 /home/ubuntu/workspace/CST336/ottermart/index.php(4): getDatabaseConnection('heroku_6d407455...')
#2 {main}
  thrown in /home/ubuntu/workspace/CST336/ottermart/dbConnection.php on line 11
[11-Nov-2018 02:38:20 UTC] PHP Fatal error:  Uncaught exception 'PDOException' with message 'SQLSTATE[HY000] [1045] Access denied for user ''@'ec2-35-173-247-111.compute-1.amazonaws.com' (using password: NO)' in /home/ubuntu/workspace/CST336/ottermart/dbConnection.php:11
Stack trace:
#0 /home/ubuntu/workspace/CST336/ottermart/dbConnection.php(11): PDO->__construct('mysql:host=us-c...')
#1 /home/ubuntu/workspace/CST336/ottermart/index.php(4): getDatabaseConnection('heroku_6d407455...')
#2 {main}
  thrown in /home/ubuntu/workspace/CST336/ottermart/dbConnection.php on line 11
[11-Nov-2018 02:38:40 UTC] PHP Fatal error:  Uncaught exception 'PDOException' with message 'SQLSTATE[HY000] [1045] Access denied for user ''@'ec2-35-173-247-111.compute-1.amazonaws.com' (using password: NO)' in /home/ubuntu/workspace/CST336/ottermart/dbConnection.php:11
Stack trace:
#0 /home/ubuntu/workspace/CST336/ottermart/dbConnection.php(11): PDO->__construct('mysql:host=us-c...')
#1 /home/ubuntu/workspace/CST336/ottermart/index.php(4): getDatabaseConnection('heroku_6d407455...')
#2 {main}
  thrown in /home/ubuntu/workspace/CST336/ottermart/dbConnection.php on line 11
[11-Nov-2018 02:38:50 UTC] PHP Fatal error:  Uncaught exception 'PDOException' with message 'SQLSTATE[HY000] [1045] Access denied for user ''@'ec2-35-173-247-111.compute-1.amazonaws.com' (using password: NO)' in /home/ubuntu/workspace/CST336/ottermart/dbConnection.php:11
Stack trace:
#0 /home/ubuntu/workspace/CST336/ottermart/dbConnection.php(11): PDO->__construct('mysql:host=us-c...')
#1 /home/ubuntu/workspace/CST336/ottermart/index.php(4): getDatabaseConnection('heroku_6d407455...')
#2 {main}
  thrown in /home/ubuntu/workspace/CST336/ottermart/dbConnection.php on line 11
[11-Nov-2018 02:40:35 UTC] PHP Fatal error:  Uncaught exception 'PDOException' with message 'SQLSTATE[HY000] [1045] Access denied for user ''@'ec2-35-173-247-111.compute-1.amazonaws.com' (using password: NO)' in /home/ubuntu/workspace/CST336/ottermart/dbConnection.php:11
Stack trace:
#0 /home/ubuntu/workspace/CST336/ottermart/dbConnection.php(11): PDO->__construct('mysql:host=us-c...')
#1 /home/ubuntu/workspace/CST336/ottermart/index.php(4): getDatabaseConnection('heroku_6d407455...')
#2 {main}
  thrown in /home/ubuntu/workspace/CST336/ottermart/dbConnection.php on line 11
[11-Nov-2018 02:41:07 UTC] PHP Fatal error:  Uncaught exception 'PDOException' with message 'SQLSTATE[HY000] [1045] Access denied for user ''@'ec2-35-173-247-111.compute-1.amazonaws.com' (using password: NO)' in /home/ubuntu/workspace/CST336/ottermart/dbConnection.php:11
Stack trace:
#0 /home/ubuntu/workspace/CST336/ottermart/dbConnection.php(11): PDO->__construct('mysql:host=us-c...')
#1 /home/ubuntu/workspace/CST336/ottermart/index.php(4): getDatabaseConnection('heroku_6d407455...')
#2 {main}
  thrown in /home/ubuntu/workspace/CST336/ottermart/dbConnection.php on line 11
[11-Nov-2018 02:41:24 UTC] PHP Fatal error:  Uncaught exception 'PDOException' with message 'SQLSTATE[HY000] [1045] Access denied for user ''@'ec2-35-173-247-111.compute-1.amazonaws.com' (using password: NO)' in /home/ubuntu/workspace/CST336/ottermart/dbConnection.php:11
Stack trace:
#0 /home/ubuntu/workspace/CST336/ottermart/dbConnection.php(11): PDO->__construct('mysql:host=us-c...')
#1 /home/ubuntu/workspace/CST336/ottermart/index.php(4): getDatabaseConnection('heroku_6d407455...')
#2 {main}
  thrown in /home/ubuntu/workspace/CST336/ottermart/dbConnection.php on line 11
[11-Nov-2018 02:41:46 UTC] PHP Fatal error:  Uncaught exception 'PDOException' with message 'SQLSTATE[HY000] [1045] Access denied for user ''@'ec2-35-173-247-111.compute-1.amazonaws.com' (using password: NO)' in /home/ubuntu/workspace/CST336/ottermart/dbConnection.php:11
Stack trace:
#0 /home/ubuntu/workspace/CST336/ottermart/dbConnection.php(11): PDO->__construct('mysql:host=us-c...')
#1 /home/ubuntu/workspace/CST336/ottermart/index.php(4): getDatabaseConnection('heroku_6d407455...')
#2 {main}
  thrown in /home/ubuntu/workspace/CST336/ottermart/dbConnection.php on line 11
[11-Nov-2018 04:30:03 UTC] PHP Warning:  include(../dbConnection.php): failed to open stream: No such file or directory in /home/ubuntu/workspace/CST336/ottermart/index.php on line 2
[11-Nov-2018 04:30:03 UTC] PHP Stack trace:
[11-Nov-2018 04:30:03 UTC] PHP   1. {main}() /home/ubuntu/workspace/CST336/ottermart/index.php:0
[11-Nov-2018 04:30:03 UTC] PHP Warning:  include(): Failed opening '../dbConnection.php' for inclusion (include_path='.:/usr/share/php:/usr/share/pear') in /home/ubuntu/workspace/CST336/ottermart/index.php on line 2
[11-Nov-2018 04:30:03 UTC] PHP Stack trace:
[11-Nov-2018 04:30:03 UTC] PHP   1. {main}() /home/ubuntu/workspace/CST336/ottermart/index.php:0
[11-Nov-2018 04:30:03 UTC] PHP Fatal error:  Call to undefined function getDatabaseConnection() in /home/ubuntu/workspace/CST336/ottermart/index.php on line 4
[11-Nov-2018 04:30:03 UTC] PHP Stack trace:
[11-Nov-2018 04:30:03 UTC] PHP   1. {main}() /home/ubuntu/workspace/CST336/ottermart/index.php:0
[11-Nov-2018 04:30:53 UTC] PHP Fatal error:  Uncaught exception 'PDOException' with message 'SQLSTATE[HY000] [1045] Access denied for user ''@'ec2-35-173-247-111.compute-1.amazonaws.com' (using password: NO)' in /home/ubuntu/workspace/CST336/ottermart/dbConnection.php:11
Stack trace:
#0 /home/ubuntu/workspace/CST336/ottermart/dbConnection.php(11): PDO->__construct('mysql:host=us-c...')
#1 /home/ubuntu/workspace/CST336/ottermart/index.php(4): getDatabaseConnection('heroku_6d407455...')
#2 {main}
  thrown in /home/ubuntu/workspace/CST336/ottermart/dbConnection.php on line 11
[11-Nov-2018 04:34:28 UTC] PHP Fatal error:  Undefined class constant 'ATT_ERRMODE' in /home/ubuntu/workspace/CST336/ottermart/dbConnection.php on line 12
[11-Nov-2018 04:34:28 UTC] PHP Stack trace:
[11-Nov-2018 04:34:28 UTC] PHP   1. {main}() /home/ubuntu/workspace/CST336/ottermart/index.php:0
[11-Nov-2018 04:34:28 UTC] PHP   2. getDatabaseConnection() /home/ubuntu/workspace/CST336/ottermart/index.php:4
[11-Nov-2018 04:35:49 UTC] PHP Fatal error:  Undefined class constant 'ATT_ERRMODE' in /home/ubuntu/workspace/CST336/ottermart/dbConnection.php on line 12
[11-Nov-2018 04:35:49 UTC] PHP Stack trace:
[11-Nov-2018 04:35:49 UTC] PHP   1. {main}() /home/ubuntu/workspace/CST336/ottermart/index.php:0
[11-Nov-2018 04:35:49 UTC] PHP   2. getDatabaseConnection() /home/ubuntu/workspace/CST336/ottermart/index.php:4
[11-Nov-2018 04:35:59 UTC] PHP Fatal error:  Undefined class constant 'ATT_ERRMODE' in /home/ubuntu/workspace/CST336/ottermart/dbConnection.php on line 12
[11-Nov-2018 04:35:59 UTC] PHP Stack trace:
[11-Nov-2018 04:35:59 UTC] PHP   1. {main}() /home/ubuntu/workspace/CST336/ottermart/index.php:0
[11-Nov-2018 04:35:59 UTC] PHP   2. getDatabaseConnection() /home/ubuntu/workspace/CST336/ottermart/index.php:4
[11-Nov-2018 04:36:48 UTC] PHP Fatal error:  Undefined class constant 'ATT_ERRMODE' in /home/ubuntu/workspace/CST336/ottermart/dbConnection.php on line 12
[11-Nov-2018 04:36:48 UTC] PHP Stack trace:
[11-Nov-2018 04:36:48 UTC] PHP   1. {main}() /home/ubuntu/workspace/CST336/ottermart/index.php:0
[11-Nov-2018 04:36:48 UTC] PHP   2. getDatabaseConnection() /home/ubuntu/workspace/CST336/ottermart/index.php:4
[11-Nov-2018 04:36:53 UTC] PHP Fatal error:  Undefined class constant 'ATT_ERRMODE' in /home/ubuntu/workspace/CST336/ottermart/dbConnection.php on line 12
[11-Nov-2018 04:36:53 UTC] PHP Stack trace:
[11-Nov-2018 04:36:53 UTC] PHP   1. {main}() /home/ubuntu/workspace/CST336/ottermart/index.php:0
[11-Nov-2018 04:36:53 UTC] PHP   2. getDatabaseConnection() /home/ubuntu/workspace/CST336/ottermart/index.php:4
[11-Nov-2018 04:38:11 UTC] PHP Fatal error:  Undefined class constant 'ATT_ERRMODE' in /home/ubuntu/workspace/CST336/ottermart/dbConnection.php on line 12
[11-Nov-2018 04:38:11 UTC] PHP Stack trace:
[11-Nov-2018 04:38:11 UTC] PHP   1. {main}() /home/ubuntu/workspace/CST336/ottermart/index.php:0
[11-Nov-2018 04:38:11 UTC] PHP   2. getDatabaseConnection() /home/ubuntu/workspace/CST336/ottermart/index.php:4
[11-Nov-2018 04:38:47 UTC] PHP Fatal error:  Uncaught exception 'PDOException' with message 'SQLSTATE[42000]: Syntax error or access violation: 1064 You have an error in your SQL syntax; check the manual that corresponds to your MySQL server version for the right syntax to use near 'from om_category ORDER BY catName' at line 1' in /home/ubuntu/workspace/CST336/ottermart/index.php:10
Stack trace:
#0 /home/ubuntu/workspace/CST336/ottermart/index.php(10): PDOStatement->execute()
#1 /home/ubuntu/workspace/CST336/ottermart/index.php(36): displayCategories()
#2 {main}
  thrown in /home/ubuntu/workspace/CST336/ottermart/index.php on line 10
[11-Nov-2018 04:40:43 UTC] PHP Fatal error:  Uncaught exception 'PDOException' with message 'SQLSTATE[42000]: Syntax error or access violation: 1064 You have an error in your SQL syntax; check the manual that corresponds to your MySQL server version for the right syntax to use near 'from om_category ORDER BY catName' at line 1' in /home/ubuntu/workspace/CST336/ottermart/index.php:10
Stack trace:
#0 /home/ubuntu/workspace/CST336/ottermart/index.php(10): PDOStatement->execute()
#1 /home/ubuntu/workspace/CST336/ottermart/index.php(36): displayCategories()
#2 {main}
  thrown in /home/ubuntu/workspace/CST336/ottermart/index.php on line 10
[11-Nov-2018 04:40:49 UTC] PHP Fatal error:  Uncaught exception 'PDOException' with message 'SQLSTATE[42000]: Syntax error or access violation: 1064 You have an error in your SQL syntax; check the manual that corresponds to your MySQL server version for the right syntax to use near 'from om_category ORDER BY catName' at line 1' in /home/ubuntu/workspace/CST336/ottermart/index.php:10
Stack trace:
#0 /home/ubuntu/workspace/CST336/ottermart/index.php(10): PDOStatement->execute()
#1 /home/ubuntu/workspace/CST336/ottermart/index.php(36): displayCategories()
#2 {main}
  thrown in /home/ubuntu/workspace/CST336/ottermart/index.php on line 10
[11-Nov-2018 05:02:01 UTC] PHP Parse error:  syntax error, unexpected '' (T_ENCAPSED_AND_WHITESPACE), expecting identifier (T_STRING) or variable (T_VARIABLE) or number (T_NUM_STRING) in /home/ubuntu/workspace/CST336/ottermart/index.php on line 28
[11-Nov-2018 05:10:22 UTC] PHP Fatal error:  Uncaught exception 'PDOException' with message 'SQLSTATE[42000]: Syntax error or access violation: 1065 Query was empty' in /home/ubuntu/workspace/CST336/ottermart/index.php:37
Stack trace:
#0 /home/ubuntu/workspace/CST336/ottermart/index.php(37): PDOStatement->execute(NULL)
#1 /home/ubuntu/workspace/CST336/ottermart/index.php(82): displaySearchResults()
#2 {main}
  thrown in /home/ubuntu/workspace/CST336/ottermart/index.php on line 37
[11-Nov-2018 05:13:15 UTC] PHP Fatal error:  Uncaught exception 'PDOException' with message 'SQLSTATE[HY093]: Invalid parameter number: no parameters were bound' in /home/ubuntu/workspace/CST336/ottermart/index.php:36
Stack trace:
#0 /home/ubuntu/workspace/CST336/ottermart/index.php(36): PDOStatement->execute(NULL)
#1 /home/ubuntu/workspace/CST336/ottermart/index.php(82): displaySearchResults()
#2 {main}
  thrown in /home/ubuntu/workspace/CST336/ottermart/index.php on line 36
[11-Nov-2018 05:27:30 UTC] PHP Fatal error:  Uncaught exception 'PDOException' with message 'SQLSTATE[42S22]: Column not found: 1054 Unknown column 'priceTo' in 'where clause'' in /home/ubuntu/workspace/CST336/ottermart/index.php:49
Stack trace:
#0 /home/ubuntu/workspace/CST336/ottermart/index.php(49): PDOStatement->execute(Array)
#1 /home/ubuntu/workspace/CST336/ottermart/index.php(95): displaySearchResults()
#2 {main}
  thrown in /home/ubuntu/workspace/CST336/ottermart/index.php on line 49
[13-Nov-2018 05:10:57 UTC] PHP Fatal error:  Uncaught exception 'PDOException' with message 'SQLSTATE[HY000] [1045] Access denied for user ''@'localhost' (using password: NO)' in /home/ubuntu/workspace/CST336/ottermart/dbConnection.php:19
Stack trace:
#0 /home/ubuntu/workspace/CST336/ottermart/dbConnection.php(19): PDO->__construct('mysql:host=;dbn...', NULL, NULL)
#1 /home/ubuntu/workspace/CST336/ottermart/index.php(4): getDatabaseConnection('heroku_6d407455...')
#2 {main}
  thrown in /home/ubuntu/workspace/CST336/ottermart/dbConnection.php on line 19
[13-Nov-2018 05:11:20 UTC] PHP Fatal error:  Uncaught exception 'PDOException' with message 'SQLSTATE[HY000] [1045] Access denied for user ''@'localhost' (using password: NO)' in /home/ubuntu/workspace/CST336/ottermart/dbConnection.php:19
Stack trace:
#0 /home/ubuntu/workspace/CST336/ottermart/dbConnection.php(19): PDO->__construct('mysql:host=;dbn...', NULL, NULL)
#1 /home/ubuntu/workspace/CST336/ottermart/index.php(4): getDatabaseConnection('heroku_6d407455...')
#2 {main}
  thrown in /home/ubuntu/workspace/CST336/ottermart/dbConnection.php on line 19
[13-Nov-2018 05:11:24 UTC] PHP Fatal error:  Uncaught exception 'PDOException' with message 'SQLSTATE[HY000] [1045] Access denied for user ''@'localhost' (using password: NO)' in /home/ubuntu/workspace/CST336/ottermart/dbConnection.php:19
Stack trace:
#0 /home/ubuntu/workspace/CST336/ottermart/dbConnection.php(19): PDO->__construct('mysql:host=;dbn...', NULL, NULL)
#1 /home/ubuntu/workspace/CST336/ottermart/index.php(4): getDatabaseConnection('heroku_6d407455...')
#2 {main}
  thrown in /home/ubuntu/workspace/CST336/ottermart/dbConnection.php on line 19
[13-Nov-2018 07:15:02 UTC] PHP Parse error:  syntax error, unexpected '"', expecting identifier (T_STRING) or variable (T_VARIABLE) or number (T_NUM_STRING) in /home/ubuntu/workspace/CST336/omadmin/loginProcess.php on line 16
[13-Nov-2018 07:15:08 UTC] PHP Parse error:  syntax error, unexpected '"', expecting identifier (T_STRING) or variable (T_VARIABLE) or number (T_NUM_STRING) in /home/ubuntu/workspace/CST336/omadmin/loginProcess.php on line 16
[13-Nov-2018 07:15:16 UTC] PHP Parse error:  syntax error, unexpected '"', expecting identifier (T_STRING) or variable (T_VARIABLE) or number (T_NUM_STRING) in /home/ubuntu/workspace/CST336/omadmin/loginProcess.php on line 16
[13-Nov-2018 07:18:09 UTC] PHP Parse error:  syntax error, unexpected '"', expecting identifier (T_STRING) or variable (T_VARIABLE) or number (T_NUM_STRING) in /home/ubuntu/workspace/CST336/omadmin/loginProcess.php on line 16
[13-Nov-2018 07:19:01 UTC] PHP Parse error:  syntax error, unexpected '"', expecting identifier (T_STRING) or variable (T_VARIABLE) or number (T_NUM_STRING) in /home/ubuntu/workspace/CST336/omadmin/loginProcess.php on line 16
[13-Nov-2018 07:19:32 UTC] PHP Parse error:  syntax error, unexpected '"', expecting identifier (T_STRING) or variable (T_VARIABLE) or number (T_NUM_STRING) in /home/ubuntu/workspace/CST336/omadmin/loginProcess.php on line 16
[13-Nov-2018 07:21:12 UTC] PHP Fatal error:  Uncaught exception 'PDOException' with message 'SQLSTATE[42S22]: Column not found: 1054 Unknown column 'admin' in 'where clause'' in /home/ubuntu/workspace/CST336/omadmin/loginProcess.php:20
Stack trace:
#0 /home/ubuntu/workspace/CST336/omadmin/loginProcess.php(20): PDOStatement->execute(Array)
#1 {main}
  thrown in /home/ubuntu/workspace/CST336/omadmin/loginProcess.php on line 20
[13-Nov-2018 07:23:25 UTC] PHP Fatal error:  Uncaught exception 'PDOException' with message 'SQLSTATE[42S22]: Column not found: 1054 Unknown column 'admin' in 'where clause'' in /home/ubuntu/workspace/CST336/omadmin/loginProcess.php:20
Stack trace:
#0 /home/ubuntu/workspace/CST336/omadmin/loginProcess.php(20): PDOStatement->execute(Array)
#1 {main}
  thrown in /home/ubuntu/workspace/CST336/omadmin/loginProcess.php on line 20
[13-Nov-2018 07:35:27 UTC] PHP Fatal error:  Uncaught exception 'PDOException' with message 'SQLSTATE[HY093]: Invalid parameter number: parameter was not defined' in /home/ubuntu/workspace/CST336/omadmin/loginProcess.php:23
Stack trace:
#0 /home/ubuntu/workspace/CST336/omadmin/loginProcess.php(23): PDOStatement->execute(Array)
#1 {main}
  thrown in /home/ubuntu/workspace/CST336/omadmin/loginProcess.php on line 23
[14-Nov-2018 05:36:58 UTC] PHP Fatal error:  Call to a member function prepare() on a non-object in /home/ubuntu/workspace/CST336/omadmin/admin.php on line 12
[14-Nov-2018 05:36:58 UTC] PHP Stack trace:
[14-Nov-2018 05:36:58 UTC] PHP   1. {main}() /home/ubuntu/workspace/CST336/omadmin/admin.php:0
[14-Nov-2018 05:36:58 UTC] PHP   2. displayAllProducts() /home/ubuntu/workspace/CST336/omadmin/admin.php:20
[14-Nov-2018 05:49:42 UTC] PHP Fatal error:  Call to a member function prepare() on a non-object in /home/ubuntu/workspace/CST336/omadmin/admin.php on line 12
[14-Nov-2018 05:49:42 UTC] PHP Stack trace:
[14-Nov-2018 05:49:42 UTC] PHP   1. {main}() /home/ubuntu/workspace/CST336/omadmin/admin.php:0
[14-Nov-2018 05:49:42 UTC] PHP   2. displayAllProducts() /home/ubuntu/workspace/CST336/omadmin/admin.php:50
[14-Nov-2018 05:50:54 UTC] PHP Fatal error:  Call to a member function prepare() on a non-object in /home/ubuntu/workspace/CST336/omadmin/admin.php on line 12
[14-Nov-2018 05:50:54 UTC] PHP Stack trace:
[14-Nov-2018 05:50:54 UTC] PHP   1. {main}() /home/ubuntu/workspace/CST336/omadmin/admin.php:0
[14-Nov-2018 05:50:54 UTC] PHP   2. displayAllProducts() /home/ubuntu/workspace/CST336/omadmin/admin.php:51
[14-Nov-2018 05:53:31 UTC] PHP Fatal error:  Call to undefined function getDatabaseConnection() in /home/ubuntu/workspace/CST336/omadmin/admin.php on line 5
[14-Nov-2018 05:53:31 UTC] PHP Stack trace:
[14-Nov-2018 05:53:31 UTC] PHP   1. {main}() /home/ubuntu/workspace/CST336/omadmin/admin.php:0
[16-Nov-2018 05:20:47 UTC] PHP Fatal error:  Uncaught exception 'PDOException' with message 'SQLSTATE[HY000] [1049] Unknown database 'heroku_6d4074557cfdac8'' in /home/ubuntu/workspace/CST336/omadmin/dbConnection.php:19
Stack trace:
#0 /home/ubuntu/workspace/CST336/omadmin/dbConnection.php(19): PDO->__construct('mysql:host=loca...', 'root', '')
#1 /home/ubuntu/workspace/CST336/omadmin/loginProcess.php(6): getDatabaseConnection('heroku_6d407455...')
#2 {main}
  thrown in /home/ubuntu/workspace/CST336/omadmin/dbConnection.php on line 19
[16-Nov-2018 05:22:59 UTC] PHP Fatal error:  Uncaught exception 'PDOException' with message 'SQLSTATE[HY000] [1049] Unknown database 'heroku_6d4074557cfdac8'' in /home/ubuntu/workspace/CST336/omadmin/dbConnection.php:19
Stack trace:
#0 /home/ubuntu/workspace/CST336/omadmin/dbConnection.php(19): PDO->__construct('mysql:host=loca...', 'root', '')
#1 /home/ubuntu/workspace/CST336/omadmin/loginProcess.php(6): getDatabaseConnection('heroku_6d407455...')
#2 {main}
  thrown in /home/ubuntu/workspace/CST336/omadmin/dbConnection.php on line 19
[16-Nov-2018 05:23:25 UTC] PHP Fatal error:  Uncaught exception 'PDOException' with message 'SQLSTATE[HY000] [1049] Unknown database 'heroku_6d4074557cfdac8'' in /home/ubuntu/workspace/CST336/omadmin/dbConnection.php:19
Stack trace:
#0 /home/ubuntu/workspace/CST336/omadmin/dbConnection.php(19): PDO->__construct('mysql:host=loca...', 'root', '')
#1 /home/ubuntu/workspace/CST336/omadmin/loginProcess.php(6): getDatabaseConnection('heroku_6d407455...')
#2 {main}
  thrown in /home/ubuntu/workspace/CST336/omadmin/dbConnection.php on line 19
[16-Nov-2018 05:24:26 UTC] PHP Fatal error:  Uncaught exception 'PDOException' with message 'SQLSTATE[HY000] [1049] Unknown database 'heroku_6d4074557cfdac8'' in /home/ubuntu/workspace/CST336/omadmin/dbConnection.php:19
Stack trace:
#0 /home/ubuntu/workspace/CST336/omadmin/dbConnection.php(19): PDO->__construct('mysql:host=loca...', 'root', '')
#1 /home/ubuntu/workspace/CST336/omadmin/loginProcess.php(6): getDatabaseConnection('heroku_6d407455...')
#2 {main}
  thrown in /home/ubuntu/workspace/CST336/omadmin/dbConnection.php on line 19
[16-Nov-2018 05:27:09 UTC] PHP Fatal error:  Uncaught exception 'PDOException' with message 'SQLSTATE[HY000] [1049] Unknown database 'heroku_6d4074557cfdac8'' in /home/ubuntu/workspace/CST336/omadmin/dbConnection.php:19
Stack trace:
#0 /home/ubuntu/workspace/CST336/omadmin/dbConnection.php(19): PDO->__construct('mysql:host=loca...', 'root', '')
#1 /home/ubuntu/workspace/CST336/omadmin/updateProduct.php(5): getDatabaseConnection('heroku_6d407455...')
#2 {main}
  thrown in /home/ubuntu/workspace/CST336/omadmin/dbConnection.php on line 19
[16-Nov-2018 05:28:01 UTC] PHP Fatal error:  Uncaught exception 'PDOException' with message 'SQLSTATE[HY000] [1049] Unknown database 'heroku_6d4074557cfdac8'' in /home/ubuntu/workspace/CST336/omadmin/dbConnection.php:19
Stack trace:
#0 /home/ubuntu/workspace/CST336/omadmin/dbConnection.php(19): PDO->__construct('mysql:host=loca...', 'root', '')
#1 /home/ubuntu/workspace/CST336/omadmin/updateProduct.php(5): getDatabaseConnection('heroku_6d407455...')
#2 {main}
  thrown in /home/ubuntu/workspace/CST336/omadmin/dbConnection.php on line 19
[16-Nov-2018 05:28:15 UTC] PHP Fatal error:  Uncaught exception 'PDOException' with message 'SQLSTATE[HY000] [1049] Unknown database 'heroku_6d4074557cfdac8'' in /home/ubuntu/workspace/CST336/omadmin/dbConnection.php:19
Stack trace:
#0 /home/ubuntu/workspace/CST336/omadmin/dbConnection.php(19): PDO->__construct('mysql:host=loca...', 'root', '')
#1 /home/ubuntu/workspace/CST336/omadmin/updateProduct.php(5): getDatabaseConnection('heroku_6d407455...')
#2 {main}
  thrown in /home/ubuntu/workspace/CST336/omadmin/dbConnection.php on line 19
[16-Nov-2018 05:35:34 UTC] PHP Fatal error:  Uncaught exception 'PDOException' with message 'SQLSTATE[HY000] [1049] Unknown database 'heroku_6d4074557cfdac8'' in /home/ubuntu/workspace/CST336/omadmin/dbConnection.php:19
Stack trace:
#0 /home/ubuntu/workspace/CST336/omadmin/dbConnection.php(19): PDO->__construct('mysql:host=loca...', 'root', '')
#1 /home/ubuntu/workspace/CST336/omadmin/addProduct.php(5): getDatabaseConnection('heroku_6d407455...')
#2 {main}
  thrown in /home/ubuntu/workspace/CST336/omadmin/dbConnection.php on line 19
[16-Nov-2018 05:36:13 UTC] PHP Fatal error:  Uncaught exception 'PDOException' with message 'SQLSTATE[42000]: Syntax error or access violation: 1064 You have an error in your SQL syntax; check the manual that corresponds to your MySQL server version for the right syntax to use near '' at line 2' in /home/ubuntu/workspace/CST336/omadmin/addProduct.php:42
Stack trace:
#0 /home/ubuntu/workspace/CST336/omadmin/addProduct.php(42): PDOStatement->execute(Array)
#1 {main}
  thrown in /home/ubuntu/workspace/CST336/omadmin/addProduct.php on line 42
[16-Nov-2018 05:36:55 UTC] PHP Fatal error:  Uncaught exception 'PDOException' with message 'SQLSTATE[23000]: Integrity constraint violation: 1048 Column 'productDescription' cannot be null' in /home/ubuntu/workspace/CST336/omadmin/addProduct.php:42
Stack trace:
#0 /home/ubuntu/workspace/CST336/omadmin/addProduct.php(42): PDOStatement->execute(Array)
#1 {main}
  thrown in /home/ubuntu/workspace/CST336/omadmin/addProduct.php on line 42
[16-Nov-2018 05:42:51 UTC] PHP Fatal error:  Uncaught exception 'PDOException' with message 'SQLSTATE[23000]: Integrity constraint violation: 1048 Column 'price' cannot be null' in /home/ubuntu/workspace/CST336/omadmin/addProduct.php:42
Stack trace:
#0 /home/ubuntu/workspace/CST336/omadmin/addProduct.php(42): PDOStatement->execute(Array)
#1 {main}
  thrown in /home/ubuntu/workspace/CST336/omadmin/addProduct.php on line 42
[16-Nov-2018 05:43:39 UTC] PHP Fatal error:  Uncaught exception 'PDOException' with message 'SQLSTATE[HY000] [1049] Unknown database 'heroku_6d4074557cfdac8'' in /home/ubuntu/workspace/CST336/omadmin/dbConnection.php:19
Stack trace:
#0 /home/ubuntu/workspace/CST336/omadmin/dbConnection.php(19): PDO->__construct('mysql:host=loca...', 'root', '')
#1 /home/ubuntu/workspace/CST336/omadmin/index.php(4): getDatabaseConnection('heroku_6d407455...')
#2 {main}
  thrown in /home/ubuntu/workspace/CST336/omadmin/dbConnection.php on line 19
[16-Nov-2018 05:50:06 UTC] PHP Fatal error:  Uncaught exception 'PDOException' with message 'SQLSTATE[HY000] [1049] Unknown database 'heroku_6d4074557cfdac8'' in /home/ubuntu/workspace/CST336/omadmin/dbConnection.php:19
Stack trace:
#0 /home/ubuntu/workspace/CST336/omadmin/dbConnection.php(19): PDO->__construct('mysql:host=loca...', 'root', '')
#1 /home/ubuntu/workspace/CST336/omadmin/deleteProduct.php(5): getDatabaseConnection('heroku_6d407455...')
#2 {main}
  thrown in /home/ubuntu/workspace/CST336/omadmin/dbConnection.php on line 19
[16-Nov-2018 06:08:21 UTC] PHP Fatal error:  Uncaught exception 'PDOException' with message 'SQLSTATE[HY000] [1049] Unknown database 'heroku_6d4074557cfdac8'' in /home/ubuntu/workspace/CST336/omadmin/dbConnection.php:19
Stack trace:
#0 /home/ubuntu/workspace/CST336/omadmin/dbConnection.php(19): PDO->__construct('mysql:host=loca...', 'root', '')
#1 /home/ubuntu/workspace/CST336/omadmin/index.php(4): getDatabaseConnection('heroku_6d407455...')
#2 {main}
  thrown in /home/ubuntu/workspace/CST336/omadmin/dbConnection.php on line 19
[27-Nov-2018 06:34:11 UTC] PHP Fatal error:  Uncaught exception 'PDOException' with message 'SQLSTATE[HY093]: Invalid parameter number: parameter was not defined' in /home/ubuntu/workspace/CST336/csumb_quiz/submitScores.php:14
Stack trace:
#0 /home/ubuntu/workspace/CST336/csumb_quiz/submitScores.php(14): PDOStatement->execute(Array)
#1 {main}
  thrown in /home/ubuntu/workspace/CST336/csumb_quiz/submitScores.php on line 14
[27-Nov-2018 06:37:15 UTC] PHP Fatal error:  Uncaught exception 'PDOException' with message 'SQLSTATE[HY093]: Invalid parameter number: parameter was not defined' in /home/ubuntu/workspace/CST336/csumb_quiz/submitScores.php:14
Stack trace:
#0 /home/ubuntu/workspace/CST336/csumb_quiz/submitScores.php(14): PDOStatement->execute(Array)
#1 {main}
  thrown in /home/ubuntu/workspace/CST336/csumb_quiz/submitScores.php on line 14
[27-Nov-2018 06:39:52 UTC] PHP Fatal error:  Uncaught exception 'PDOException' with message 'SQLSTATE[HY093]: Invalid parameter number: parameter was not defined' in /home/ubuntu/workspace/CST336/csumb_quiz/submitScores.php:14
Stack trace:
#0 /home/ubuntu/workspace/CST336/csumb_quiz/submitScores.php(14): PDOStatement->execute(Array)
#1 {main}
  thrown in /home/ubuntu/workspace/CST336/csumb_quiz/submitScores.php on line 14
[27-Nov-2018 06:45:28 UTC] PHP Fatal error:  Uncaught exception 'PDOException' with message 'SQLSTATE[23000]: Integrity constraint violation: 1048 Column 'score' cannot be null' in /home/ubuntu/workspace/CST336/csumb_quiz/submitScores.php:14
Stack trace:
#0 /home/ubuntu/workspace/CST336/csumb_quiz/submitScores.php(14): PDOStatement->execute(Array)
#1 {main}
  thrown in /home/ubuntu/workspace/CST336/csumb_quiz/submitScores.php on line 14
[27-Nov-2018 07:14:53 UTC] PHP Fatal error:  Uncaught exception 'PDOException' with message 'SQLSTATE[23000]: Integrity constraint violation: 1048 Column 'score' cannot be null' in /home/ubuntu/workspace/CST336/csumb_quiz/submitScores.php:14
Stack trace:
#0 /home/ubuntu/workspace/CST336/csumb_quiz/submitScores.php(14): PDOStatement->execute(Array)
#1 {main}
  thrown in /home/ubuntu/workspace/CST336/csumb_quiz/submitScores.php on line 14
[27-Nov-2018 07:16:44 UTC] PHP Fatal error:  Uncaught exception 'PDOException' with message 'SQLSTATE[23000]: Integrity constraint violation: 1048 Column 'score' cannot be null' in /home/ubuntu/workspace/CST336/csumb_quiz/submitScores.php:14
Stack trace:
#0 /home/ubuntu/workspace/CST336/csumb_quiz/submitScores.php(14): PDOStatement->execute(Array)
#1 {main}
  thrown in /home/ubuntu/workspace/CST336/csumb_quiz/submitScores.php on line 14
[11-Dec-2018 05:07:15 UTC] PHP Warning:  require(/home/ubuntu/workspace/CST336/final/public/../vendor/autoload.php): failed to open stream: No such file or directory in /home/ubuntu/workspace/CST336/final/public/index.php on line 24
[11-Dec-2018 05:07:15 UTC] PHP Stack trace:
[11-Dec-2018 05:07:15 UTC] PHP   1. {main}() /home/ubuntu/workspace/CST336/final/server.php:0
[11-Dec-2018 05:07:15 UTC] PHP   2. require_once() /home/ubuntu/workspace/CST336/final/server.php:21
[11-Dec-2018 05:07:15 UTC] PHP Fatal error:  require(): Failed opening required '/home/ubuntu/workspace/CST336/final/public/../vendor/autoload.php' (include_path='.:/usr/share/php:/usr/share/pear') in /home/ubuntu/workspace/CST336/final/public/index.php on line 24
[11-Dec-2018 05:07:15 UTC] PHP Stack trace:
[11-Dec-2018 05:07:15 UTC] PHP   1. {main}() /home/ubuntu/workspace/CST336/final/server.php:0
[11-Dec-2018 05:07:15 UTC] PHP   2. require_once() /home/ubuntu/workspace/CST336/final/server.php:21
